Materials(7):
S1, SuperSink, V1, V2, V3, T1, T2
Operating units(10):
S1_V1, S1_V2, S1_V3, V1_T1, V1_V2, V2_T2, V3_T2, V2_T1, T1_SuperSink, 
  T2_SuperSink

Maximal Structure:
Materials(7):
S1, SuperSink, V1, V2, V3, T1, T2
Operating units(10):
S1_V1, S1_V2, S1_V3, V1_T1, V1_V2, V2_T2, V3_T2, V2_T1, T1_SuperSink, 
  T2_SuperSink

Feasible structure #1:
Materials:
S1 (0 Euro/yr): -13 t/yr
SuperSink (-13 Euro/yr): 13 t/yr
V1: balanced
V2: balanced
V3: balanced
T1: balanced
T2: balanced
Operating units:
6*S1_V1 (1e-005 Euro/yr): S1 (-6 t/yr) => V1 (6 t/yr) 
4*S1_V2 (1e-005 Euro/yr): S1 (-4 t/yr) => V2 (4 t/yr) 
3*S1_V3 (1e-005 Euro/yr): S1 (-3 t/yr) => V3 (3 t/yr) 
5*V1_T1 (1e-005 Euro/yr): V1 (-5 t/yr) => T1 (5 t/yr) 
1*V1_V2 (1e-005 Euro/yr): V1 (-1 t/yr) => V2 (1 t/yr) 
1*V2_T2 (1e-005 Euro/yr): V2 (-1 t/yr) => T2 (1 t/yr) 
3*V3_T2 (1e-005 Euro/yr): V3 (-3 t/yr) => T2 (3 t/yr) 
4*V2_T1 (1e-005 Euro/yr): V2 (-4 t/yr) => T1 (4 t/yr) 
9*T1_SuperSink (1e-005 Euro/yr): T1 (-9 t/yr) => SuperSink (9 t/yr) 
4*T2_SuperSink (1e-005 Euro/yr): T2 (-4 t/yr) => SuperSink (4 t/yr) 
Total annual cost= -12.9999 Euro/yr

Feasible structure #2:
Materials:
S1 (0 Euro/yr): -12 t/yr
SuperSink (-12 Euro/yr): 12 t/yr
V1: balanced
V2: balanced
V3: balanced
T1: balanced
T2: balanced
Operating units:
5*S1_V1 (1e-005 Euro/yr): S1 (-5 t/yr) => V1 (5 t/yr) 
4*S1_V2 (1e-005 Euro/yr): S1 (-4 t/yr) => V2 (4 t/yr) 
3*S1_V3 (1e-005 Euro/yr): S1 (-3 t/yr) => V3 (3 t/yr) 
5*V1_T1 (1e-005 Euro/yr): V1 (-5 t/yr) => T1 (5 t/yr) 
4*V2_T2 (1e-005 Euro/yr): V2 (-4 t/yr) => T2 (4 t/yr) 
3*V3_T2 (1e-005 Euro/yr): V3 (-3 t/yr) => T2 (3 t/yr) 
5*T1_SuperSink (1e-005 Euro/yr): T1 (-5 t/yr) => SuperSink (5 t/yr) 
7*T2_SuperSink (1e-005 Euro/yr): T2 (-7 t/yr) => SuperSink (7 t/yr) 
Total annual cost= -11.9999 Euro/yr

Feasible structure #3:
Materials:
S1 (0 Euro/yr): -12 t/yr
SuperSink (-12 Euro/yr): 12 t/yr
V1: balanced
V2: balanced
V3: balanced
T1: balanced
T2: balanced
Operating units:
5*S1_V1 (1e-005 Euro/yr): S1 (-5 t/yr) => V1 (5 t/yr) 
4*S1_V2 (1e-005 Euro/yr): S1 (-4 t/yr) => V2 (4 t/yr) 
3*S1_V3 (1e-005 Euro/yr): S1 (-3 t/yr) => V3 (3 t/yr) 
5*V1_T1 (1e-005 Euro/yr): V1 (-5 t/yr) => T1 (5 t/yr) 
3*V3_T2 (1e-005 Euro/yr): V3 (-3 t/yr) => T2 (3 t/yr) 
4*V2_T1 (1e-005 Euro/yr): V2 (-4 t/yr) => T1 (4 t/yr) 
9*T1_SuperSink (1e-005 Euro/yr): T1 (-9 t/yr) => SuperSink (9 t/yr) 
3*T2_SuperSink (1e-005 Euro/yr): T2 (-3 t/yr) => SuperSink (3 t/yr) 
Total annual cost= -11.9999 Euro/yr

Feasible structure #4:
Materials:
S1 (0 Euro/yr): -12 t/yr
SuperSink (-12 Euro/yr): 12 t/yr
V1: balanced
V2: balanced
V3: balanced
T1: balanced
T2: balanced
Operating units:
6*S1_V1 (1e-005 Euro/yr): S1 (-6 t/yr) => V1 (6 t/yr) 
3*S1_V2 (1e-005 Euro/yr): S1 (-3 t/yr) => V2 (3 t/yr) 
3*S1_V3 (1e-005 Euro/yr): S1 (-3 t/yr) => V3 (3 t/yr) 
5*V1_T1 (1e-005 Euro/yr): V1 (-5 t/yr) => T1 (5 t/yr) 
1*V1_V2 (1e-005 Euro/yr): V1 (-1 t/yr) => V2 (1 t/yr) 
4*V2_T2 (1e-005 Euro/yr): V2 (-4 t/yr) => T2 (4 t/yr) 
3*V3_T2 (1e-005 Euro/yr): V3 (-3 t/yr) => T2 (3 t/yr) 
5*T1_SuperSink (1e-005 Euro/yr): T1 (-5 t/yr) => SuperSink (5 t/yr) 
7*T2_SuperSink (1e-005 Euro/yr): T2 (-7 t/yr) => SuperSink (7 t/yr) 
Total annual cost= -11.9999 Euro/yr

Feasible structure #5:
Materials:
S1 (0 Euro/yr): -12 t/yr
SuperSink (-12 Euro/yr): 12 t/yr
V1: balanced
V2: balanced
V3: balanced
T1: balanced
T2: balanced
Operating units:
6*S1_V1 (1e-005 Euro/yr): S1 (-6 t/yr) => V1 (6 t/yr) 
3*S1_V2 (1e-005 Euro/yr): S1 (-3 t/yr) => V2 (3 t/yr) 
3*S1_V3 (1e-005 Euro/yr): S1 (-3 t/yr) => V3 (3 t/yr) 
5*V1_T1 (1e-005 Euro/yr): V1 (-5 t/yr) => T1 (5 t/yr) 
1*V1_V2 (1e-005 Euro/yr): V1 (-1 t/yr) => V2 (1 t/yr) 
3*V3_T2 (1e-005 Euro/yr): V3 (-3 t/yr) => T2 (3 t/yr) 
4*V2_T1 (1e-005 Euro/yr): V2 (-4 t/yr) => T1 (4 t/yr) 
9*T1_SuperSink (1e-005 Euro/yr): T1 (-9 t/yr) => SuperSink (9 t/yr) 
3*T2_SuperSink (1e-005 Euro/yr): T2 (-3 t/yr) => SuperSink (3 t/yr) 
Total annual cost= -11.9999 Euro/yr

Feasible structure #6:
Materials:
S1 (0 Euro/yr): -11 t/yr
SuperSink (-11 Euro/yr): 11 t/yr
V1: balanced
V2: balanced
V3: balanced
T1: balanced
T2: balanced
Operating units:
4*S1_V1 (1e-005 Euro/yr): S1 (-4 t/yr) => V1 (4 t/yr) 
4*S1_V2 (1e-005 Euro/yr): S1 (-4 t/yr) => V2 (4 t/yr) 
3*S1_V3 (1e-005 Euro/yr): S1 (-3 t/yr) => V3 (3 t/yr) 
4*V1_V2 (1e-005 Euro/yr): V1 (-4 t/yr) => V2 (4 t/yr) 
4*V2_T2 (1e-005 Euro/yr): V2 (-4 t/yr) => T2 (4 t/yr) 
3*V3_T2 (1e-005 Euro/yr): V3 (-3 t/yr) => T2 (3 t/yr) 
4*V2_T1 (1e-005 Euro/yr): V2 (-4 t/yr) => T1 (4 t/yr) 
4*T1_SuperSink (1e-005 Euro/yr): T1 (-4 t/yr) => SuperSink (4 t/yr) 
7*T2_SuperSink (1e-005 Euro/yr): T2 (-7 t/yr) => SuperSink (7 t/yr) 
Total annual cost= -10.9999 Euro/yr

Feasible structure #7:
Materials:
S1 (0 Euro/yr): -10 t/yr
SuperSink (-10 Euro/yr): 10 t/yr
V1: balanced
V2: balanced
T1: balanced
T2: balanced
Operating units:
6*S1_V1 (1e-005 Euro/yr): S1 (-6 t/yr) => V1 (6 t/yr) 
4*S1_V2 (1e-005 Euro/yr): S1 (-4 t/yr) => V2 (4 t/yr) 
5*V1_T1 (1e-005 Euro/yr): V1 (-5 t/yr) => T1 (5 t/yr) 
1*V1_V2 (1e-005 Euro/yr): V1 (-1 t/yr) => V2 (1 t/yr) 
1*V2_T2 (1e-005 Euro/yr): V2 (-1 t/yr) => T2 (1 t/yr) 
4*V2_T1 (1e-005 Euro/yr): V2 (-4 t/yr) => T1 (4 t/yr) 
9*T1_SuperSink (1e-005 Euro/yr): T1 (-9 t/yr) => SuperSink (9 t/yr) 
1*T2_SuperSink (1e-005 Euro/yr): T2 (-1 t/yr) => SuperSink (1 t/yr) 
Total annual cost= -9.99992 Euro/yr

Feasible structure #8:
Materials:
S1 (0 Euro/yr): -9 t/yr
SuperSink (-9 Euro/yr): 9 t/yr
V1: balanced
V2: balanced
T1: balanced
Operating units:
5*S1_V1 (1e-005 Euro/yr): S1 (-5 t/yr) => V1 (5 t/yr) 
4*S1_V2 (1e-005 Euro/yr): S1 (-4 t/yr) => V2 (4 t/yr) 
5*V1_T1 (1e-005 Euro/yr): V1 (-5 t/yr) => T1 (5 t/yr) 
4*V2_T1 (1e-005 Euro/yr): V2 (-4 t/yr) => T1 (4 t/yr) 
9*T1_SuperSink (1e-005 Euro/yr): T1 (-9 t/yr) => SuperSink (9 t/yr) 
Total annual cost= -8.99995 Euro/yr

Feasible structure #9:
Materials:
S1 (0 Euro/yr): -9 t/yr
SuperSink (-9 Euro/yr): 9 t/yr
V1: balanced
V2: balanced
T1: balanced
T2: balanced
Operating units:
5*S1_V1 (1e-005 Euro/yr): S1 (-5 t/yr) => V1 (5 t/yr) 
4*S1_V2 (1e-005 Euro/yr): S1 (-4 t/yr) => V2 (4 t/yr) 
5*V1_T1 (1e-005 Euro/yr): V1 (-5 t/yr) => T1 (5 t/yr) 
4*V2_T2 (1e-005 Euro/yr): V2 (-4 t/yr) => T2 (4 t/yr) 
5*T1_SuperSink (1e-005 Euro/yr): T1 (-5 t/yr) => SuperSink (5 t/yr) 
4*T2_SuperSink (1e-005 Euro/yr): T2 (-4 t/yr) => SuperSink (4 t/yr) 
Total annual cost= -8.99994 Euro/yr

Feasible structure #10:
Materials:
S1 (0 Euro/yr): -9 t/yr
SuperSink (-9 Euro/yr): 9 t/yr
V1: balanced
V2: balanced
V3: balanced
T1: balanced
T2: balanced
Operating units:
6*S1_V1 (1e-005 Euro/yr): S1 (-6 t/yr) => V1 (6 t/yr) 
3*S1_V3 (1e-005 Euro/yr): S1 (-3 t/yr) => V3 (3 t/yr) 
5*V1_T1 (1e-005 Euro/yr): V1 (-5 t/yr) => T1 (5 t/yr) 
1*V1_V2 (1e-005 Euro/yr): V1 (-1 t/yr) => V2 (1 t/yr) 
3*V3_T2 (1e-005 Euro/yr): V3 (-3 t/yr) => T2 (3 t/yr) 
1*V2_T1 (1e-005 Euro/yr): V2 (-1 t/yr) => T1 (1 t/yr) 
6*T1_SuperSink (1e-005 Euro/yr): T1 (-6 t/yr) => SuperSink (6 t/yr) 
3*T2_SuperSink (1e-005 Euro/yr): T2 (-3 t/yr) => SuperSink (3 t/yr) 
Total annual cost= -8.99992 Euro/yr

Feasible structure #11:
Materials:
S1 (0 Euro/yr): -9 t/yr
SuperSink (-9 Euro/yr): 9 t/yr
V1: balanced
V2: balanced
V3: balanced
T1: balanced
T2: balanced
Operating units:
6*S1_V1 (1e-005 Euro/yr): S1 (-6 t/yr) => V1 (6 t/yr) 
3*S1_V3 (1e-005 Euro/yr): S1 (-3 t/yr) => V3 (3 t/yr) 
5*V1_T1 (1e-005 Euro/yr): V1 (-5 t/yr) => T1 (5 t/yr) 
1*V1_V2 (1e-005 Euro/yr): V1 (-1 t/yr) => V2 (1 t/yr) 
1*V2_T2 (1e-005 Euro/yr): V2 (-1 t/yr) => T2 (1 t/yr) 
3*V3_T2 (1e-005 Euro/yr): V3 (-3 t/yr) => T2 (3 t/yr) 
5*T1_SuperSink (1e-005 Euro/yr): T1 (-5 t/yr) => SuperSink (5 t/yr) 
4*T2_SuperSink (1e-005 Euro/yr): T2 (-4 t/yr) => SuperSink (4 t/yr) 
Total annual cost= -8.99992 Euro/yr

Feasible structure #12:
Materials:
S1 (0 Euro/yr): -8 t/yr
SuperSink (-8 Euro/yr): 8 t/yr
V1: balanced
V3: balanced
T1: balanced
T2: balanced
Operating units:
5*S1_V1 (1e-005 Euro/yr): S1 (-5 t/yr) => V1 (5 t/yr) 
3*S1_V3 (1e-005 Euro/yr): S1 (-3 t/yr) => V3 (3 t/yr) 
5*V1_T1 (1e-005 Euro/yr): V1 (-5 t/yr) => T1 (5 t/yr) 
3*V3_T2 (1e-005 Euro/yr): V3 (-3 t/yr) => T2 (3 t/yr) 
5*T1_SuperSink (1e-005 Euro/yr): T1 (-5 t/yr) => SuperSink (5 t/yr) 
3*T2_SuperSink (1e-005 Euro/yr): T2 (-3 t/yr) => SuperSink (3 t/yr) 
Total annual cost= -7.99994 Euro/yr

Feasible structure #13:
Materials:
S1 (0 Euro/yr): -8 t/yr
SuperSink (-8 Euro/yr): 8 t/yr
V1: balanced
V2: balanced
T1: balanced
T2: balanced
Operating units:
4*S1_V1 (1e-005 Euro/yr): S1 (-4 t/yr) => V1 (4 t/yr) 
4*S1_V2 (1e-005 Euro/yr): S1 (-4 t/yr) => V2 (4 t/yr) 
4*V1_V2 (1e-005 Euro/yr): V1 (-4 t/yr) => V2 (4 t/yr) 
4*V2_T2 (1e-005 Euro/yr): V2 (-4 t/yr) => T2 (4 t/yr) 
4*V2_T1 (1e-005 Euro/yr): V2 (-4 t/yr) => T1 (4 t/yr) 
4*T1_SuperSink (1e-005 Euro/yr): T1 (-4 t/yr) => SuperSink (4 t/yr) 
4*T2_SuperSink (1e-005 Euro/yr): T2 (-4 t/yr) => SuperSink (4 t/yr) 
Total annual cost= -7.99993 Euro/yr

Feasible structure #14:
Materials:
S1 (0 Euro/yr): -7 t/yr
SuperSink (-7 Euro/yr): 7 t/yr
V2: balanced
V3: balanced
T2: balanced
Operating units:
4*S1_V2 (1e-005 Euro/yr): S1 (-4 t/yr) => V2 (4 t/yr) 
3*S1_V3 (1e-005 Euro/yr): S1 (-3 t/yr) => V3 (3 t/yr) 
4*V2_T2 (1e-005 Euro/yr): V2 (-4 t/yr) => T2 (4 t/yr) 
3*V3_T2 (1e-005 Euro/yr): V3 (-3 t/yr) => T2 (3 t/yr) 
7*T2_SuperSink (1e-005 Euro/yr): T2 (-7 t/yr) => SuperSink (7 t/yr) 
Total annual cost= -6.99995 Euro/yr

Feasible structure #15:
Materials:
S1 (0 Euro/yr): -7 t/yr
SuperSink (-7 Euro/yr): 7 t/yr
V2: balanced
V3: balanced
T1: balanced
T2: balanced
Operating units:
4*S1_V2 (1e-005 Euro/yr): S1 (-4 t/yr) => V2 (4 t/yr) 
3*S1_V3 (1e-005 Euro/yr): S1 (-3 t/yr) => V3 (3 t/yr) 
3*V3_T2 (1e-005 Euro/yr): V3 (-3 t/yr) => T2 (3 t/yr) 
4*V2_T1 (1e-005 Euro/yr): V2 (-4 t/yr) => T1 (4 t/yr) 
4*T1_SuperSink (1e-005 Euro/yr): T1 (-4 t/yr) => SuperSink (4 t/yr) 
3*T2_SuperSink (1e-005 Euro/yr): T2 (-3 t/yr) => SuperSink (3 t/yr) 
Total annual cost= -6.99994 Euro/yr

Feasible structure #16:
Materials:
S1 (0 Euro/yr): -7 t/yr
SuperSink (-7 Euro/yr): 7 t/yr
V1: balanced
V2: balanced
V3: balanced
T2: balanced
Operating units:
4*S1_V1 (1e-005 Euro/yr): S1 (-4 t/yr) => V1 (4 t/yr) 
3*S1_V3 (1e-005 Euro/yr): S1 (-3 t/yr) => V3 (3 t/yr) 
4*V1_V2 (1e-005 Euro/yr): V1 (-4 t/yr) => V2 (4 t/yr) 
4*V2_T2 (1e-005 Euro/yr): V2 (-4 t/yr) => T2 (4 t/yr) 
3*V3_T2 (1e-005 Euro/yr): V3 (-3 t/yr) => T2 (3 t/yr) 
7*T2_SuperSink (1e-005 Euro/yr): T2 (-7 t/yr) => SuperSink (7 t/yr) 
Total annual cost= -6.99994 Euro/yr

Feasible structure #17:
Materials:
S1 (0 Euro/yr): -7 t/yr
SuperSink (-7 Euro/yr): 7 t/yr
V1: balanced
V2: balanced
V3: balanced
T1: balanced
T2: balanced
Operating units:
4*S1_V1 (1e-005 Euro/yr): S1 (-4 t/yr) => V1 (4 t/yr) 
3*S1_V3 (1e-005 Euro/yr): S1 (-3 t/yr) => V3 (3 t/yr) 
4*V1_V2 (1e-005 Euro/yr): V1 (-4 t/yr) => V2 (4 t/yr) 
3*V3_T2 (1e-005 Euro/yr): V3 (-3 t/yr) => T2 (3 t/yr) 
4*V2_T1 (1e-005 Euro/yr): V2 (-4 t/yr) => T1 (4 t/yr) 
4*T1_SuperSink (1e-005 Euro/yr): T1 (-4 t/yr) => SuperSink (4 t/yr) 
3*T2_SuperSink (1e-005 Euro/yr): T2 (-3 t/yr) => SuperSink (3 t/yr) 
Total annual cost= -6.99993 Euro/yr

Feasible structure #18:
Materials:
S1 (0 Euro/yr): -6 t/yr
SuperSink (-6 Euro/yr): 6 t/yr
V1: balanced
V2: balanced
T1: balanced
Operating units:
6*S1_V1 (1e-005 Euro/yr): S1 (-6 t/yr) => V1 (6 t/yr) 
2*V1_T1 (1e-005 Euro/yr): V1 (-2 t/yr) => T1 (2 t/yr) 
4*V1_V2 (1e-005 Euro/yr): V1 (-4 t/yr) => V2 (4 t/yr) 
4*V2_T1 (1e-005 Euro/yr): V2 (-4 t/yr) => T1 (4 t/yr) 
6*T1_SuperSink (1e-005 Euro/yr): T1 (-6 t/yr) => SuperSink (6 t/yr) 
Total annual cost= -5.99995 Euro/yr

Feasible structure #19:
Materials:
S1 (0 Euro/yr): -6 t/yr
SuperSink (-6 Euro/yr): 6 t/yr
V1: balanced
V2: balanced
T1: balanced
T2: balanced
Operating units:
6*S1_V1 (1e-005 Euro/yr): S1 (-6 t/yr) => V1 (6 t/yr) 
5*V1_T1 (1e-005 Euro/yr): V1 (-5 t/yr) => T1 (5 t/yr) 
1*V1_V2 (1e-005 Euro/yr): V1 (-1 t/yr) => V2 (1 t/yr) 
1*V2_T2 (1e-005 Euro/yr): V2 (-1 t/yr) => T2 (1 t/yr) 
5*T1_SuperSink (1e-005 Euro/yr): T1 (-5 t/yr) => SuperSink (5 t/yr) 
1*T2_SuperSink (1e-005 Euro/yr): T2 (-1 t/yr) => SuperSink (1 t/yr) 
Total annual cost= -5.99994 Euro/yr

Feasible structure #20:
Materials:
S1 (0 Euro/yr): -5 t/yr
SuperSink (-5 Euro/yr): 5 t/yr
V1: balanced
T1: balanced
Operating units:
5*S1_V1 (1e-005 Euro/yr): S1 (-5 t/yr) => V1 (5 t/yr) 
5*V1_T1 (1e-005 Euro/yr): V1 (-5 t/yr) => T1 (5 t/yr) 
5*T1_SuperSink (1e-005 Euro/yr): T1 (-5 t/yr) => SuperSink (5 t/yr) 
Total annual cost= -4.99997 Euro/yr

Feasible structure #21:
Materials:
S1 (0 Euro/yr): -4 t/yr
SuperSink (-4 Euro/yr): 4 t/yr
V2: balanced
T1: balanced
Operating units:
4*S1_V2 (1e-005 Euro/yr): S1 (-4 t/yr) => V2 (4 t/yr) 
4*V2_T1 (1e-005 Euro/yr): V2 (-4 t/yr) => T1 (4 t/yr) 
4*T1_SuperSink (1e-005 Euro/yr): T1 (-4 t/yr) => SuperSink (4 t/yr) 
Total annual cost= -3.99997 Euro/yr

Feasible structure #22:
Materials:
S1 (0 Euro/yr): -4 t/yr
SuperSink (-4 Euro/yr): 4 t/yr
V2: balanced
T2: balanced
Operating units:
4*S1_V2 (1e-005 Euro/yr): S1 (-4 t/yr) => V2 (4 t/yr) 
4*V2_T2 (1e-005 Euro/yr): V2 (-4 t/yr) => T2 (4 t/yr) 
4*T2_SuperSink (1e-005 Euro/yr): T2 (-4 t/yr) => SuperSink (4 t/yr) 
Total annual cost= -3.99997 Euro/yr

Feasible structure #23:
Materials:
S1 (0 Euro/yr): -4 t/yr
SuperSink (-4 Euro/yr): 4 t/yr
V1: balanced
V2: balanced
T2: balanced
Operating units:
4*S1_V1 (1e-005 Euro/yr): S1 (-4 t/yr) => V1 (4 t/yr) 
4*V1_V2 (1e-005 Euro/yr): V1 (-4 t/yr) => V2 (4 t/yr) 
4*V2_T2 (1e-005 Euro/yr): V2 (-4 t/yr) => T2 (4 t/yr) 
4*T2_SuperSink (1e-005 Euro/yr): T2 (-4 t/yr) => SuperSink (4 t/yr) 
Total annual cost= -3.99996 Euro/yr

Feasible structure #24:
Materials:
S1 (0 Euro/yr): -4 t/yr
SuperSink (-4 Euro/yr): 4 t/yr
V1: balanced
V2: balanced
T1: balanced
Operating units:
4*S1_V1 (1e-005 Euro/yr): S1 (-4 t/yr) => V1 (4 t/yr) 
4*V1_V2 (1e-005 Euro/yr): V1 (-4 t/yr) => V2 (4 t/yr) 
4*V2_T1 (1e-005 Euro/yr): V2 (-4 t/yr) => T1 (4 t/yr) 
4*T1_SuperSink (1e-005 Euro/yr): T1 (-4 t/yr) => SuperSink (4 t/yr) 
Total annual cost= -3.99996 Euro/yr

Feasible structure #25:
Materials:
S1 (0 Euro/yr): -3 t/yr
SuperSink (-3 Euro/yr): 3 t/yr
V3: balanced
T2: balanced
Operating units:
3*S1_V3 (1e-005 Euro/yr): S1 (-3 t/yr) => V3 (3 t/yr) 
3*V3_T2 (1e-005 Euro/yr): V3 (-3 t/yr) => T2 (3 t/yr) 
3*T2_SuperSink (1e-005 Euro/yr): T2 (-3 t/yr) => SuperSink (3 t/yr) 
Total annual cost= -2.99997 Euro/yr

Feasible structure #26:
Materials:
Operating units:
Total annual cost= 0 Euro/yr

End.
