Materials(7):
SuperSource, T1, V1, V2, V3, S1, S2
Operating units(10):
S1_V1, S1_V2, S2_V2, S2_V3, V1_T1, V1_V2, V3_T1, V2_T1, SuperSource_S1, 
  SuperSource_S2

Maximal Structure:
Materials(7):
SuperSource, T1, V1, V2, V3, S1, S2
Operating units(10):
S1_V1, S1_V2, S2_V2, S2_V3, V1_T1, V1_V2, V3_T1, V2_T1, SuperSource_S1, 
  SuperSource_S2

Feasible structure #1:
Materials:
SuperSource (0 Euro/yr): -12 t/yr
T1 (-12 Euro/yr): 12 t/yr
V1: balanced
V2: balanced
V3: balanced
S1: balanced
S2: balanced
Operating units:
5*S1_V1 (1e-005 Euro/yr): S1 (-5 t/yr) => V1 (5 t/yr) 
4*S1_V2 (1e-005 Euro/yr): S1 (-4 t/yr) => V2 (4 t/yr) 
3*S2_V3 (1e-005 Euro/yr): S2 (-3 t/yr) => V3 (3 t/yr) 
5*V1_T1 (1e-005 Euro/yr): V1 (-5 t/yr) => T1 (5 t/yr) 
3*V3_T1 (1e-005 Euro/yr): V3 (-3 t/yr) => T1 (3 t/yr) 
4*V2_T1 (1e-005 Euro/yr): V2 (-4 t/yr) => T1 (4 t/yr) 
9*SuperSource_S1 (1e-005 Euro/yr): SuperSource (-9 t/yr) => S1 (9 t/yr) 
3*SuperSource_S2 (1e-005 Euro/yr): SuperSource (-3 t/yr) => S2 (3 t/yr) 
Total annual cost= -11.9999 Euro/yr

Feasible structure #2:
Materials:
SuperSource (0 Euro/yr): -12 t/yr
T1 (-12 Euro/yr): 12 t/yr
V1: balanced
V2: balanced
V3: balanced
S1: balanced
S2: balanced
Operating units:
5*S1_V1 (1e-005 Euro/yr): S1 (-5 t/yr) => V1 (5 t/yr) 
4*S2_V2 (1e-005 Euro/yr): S2 (-4 t/yr) => V2 (4 t/yr) 
3*S2_V3 (1e-005 Euro/yr): S2 (-3 t/yr) => V3 (3 t/yr) 
5*V1_T1 (1e-005 Euro/yr): V1 (-5 t/yr) => T1 (5 t/yr) 
3*V3_T1 (1e-005 Euro/yr): V3 (-3 t/yr) => T1 (3 t/yr) 
4*V2_T1 (1e-005 Euro/yr): V2 (-4 t/yr) => T1 (4 t/yr) 
5*SuperSource_S1 (1e-005 Euro/yr): SuperSource (-5 t/yr) => S1 (5 t/yr) 
7*SuperSource_S2 (1e-005 Euro/yr): SuperSource (-7 t/yr) => S2 (7 t/yr) 
Total annual cost= -11.9999 Euro/yr

Feasible structure #3:
Materials:
SuperSource (0 Euro/yr): -9 t/yr
T1 (-9 Euro/yr): 9 t/yr
V1: balanced
V2: balanced
S1: balanced
Operating units:
5*S1_V1 (1e-005 Euro/yr): S1 (-5 t/yr) => V1 (5 t/yr) 
4*S1_V2 (1e-005 Euro/yr): S1 (-4 t/yr) => V2 (4 t/yr) 
5*V1_T1 (1e-005 Euro/yr): V1 (-5 t/yr) => T1 (5 t/yr) 
4*V2_T1 (1e-005 Euro/yr): V2 (-4 t/yr) => T1 (4 t/yr) 
9*SuperSource_S1 (1e-005 Euro/yr): SuperSource (-9 t/yr) => S1 (9 t/yr) 
Total annual cost= -8.99995 Euro/yr

Feasible structure #4:
Materials:
SuperSource (0 Euro/yr): -9 t/yr
T1 (-9 Euro/yr): 9 t/yr
V1: balanced
V2: balanced
S1: balanced
S2: balanced
Operating units:
5*S1_V1 (1e-005 Euro/yr): S1 (-5 t/yr) => V1 (5 t/yr) 
4*S2_V2 (1e-005 Euro/yr): S2 (-4 t/yr) => V2 (4 t/yr) 
5*V1_T1 (1e-005 Euro/yr): V1 (-5 t/yr) => T1 (5 t/yr) 
4*V2_T1 (1e-005 Euro/yr): V2 (-4 t/yr) => T1 (4 t/yr) 
5*SuperSource_S1 (1e-005 Euro/yr): SuperSource (-5 t/yr) => S1 (5 t/yr) 
4*SuperSource_S2 (1e-005 Euro/yr): SuperSource (-4 t/yr) => S2 (4 t/yr) 
Total annual cost= -8.99994 Euro/yr

Feasible structure #5:
Materials:
SuperSource (0 Euro/yr): -9 t/yr
T1 (-9 Euro/yr): 9 t/yr
V1: balanced
V2: balanced
V3: balanced
S1: balanced
S2: balanced
Operating units:
6*S1_V1 (1e-005 Euro/yr): S1 (-6 t/yr) => V1 (6 t/yr) 
3*S2_V3 (1e-005 Euro/yr): S2 (-3 t/yr) => V3 (3 t/yr) 
5*V1_T1 (1e-005 Euro/yr): V1 (-5 t/yr) => T1 (5 t/yr) 
1*V1_V2 (1e-005 Euro/yr): V1 (-1 t/yr) => V2 (1 t/yr) 
3*V3_T1 (1e-005 Euro/yr): V3 (-3 t/yr) => T1 (3 t/yr) 
1*V2_T1 (1e-005 Euro/yr): V2 (-1 t/yr) => T1 (1 t/yr) 
6*SuperSource_S1 (1e-005 Euro/yr): SuperSource (-6 t/yr) => S1 (6 t/yr) 
3*SuperSource_S2 (1e-005 Euro/yr): SuperSource (-3 t/yr) => S2 (3 t/yr) 
Total annual cost= -8.99992 Euro/yr

Feasible structure #6:
Materials:
SuperSource (0 Euro/yr): -8 t/yr
T1 (-8 Euro/yr): 8 t/yr
V1: balanced
V3: balanced
S1: balanced
S2: balanced
Operating units:
5*S1_V1 (1e-005 Euro/yr): S1 (-5 t/yr) => V1 (5 t/yr) 
3*S2_V3 (1e-005 Euro/yr): S2 (-3 t/yr) => V3 (3 t/yr) 
5*V1_T1 (1e-005 Euro/yr): V1 (-5 t/yr) => T1 (5 t/yr) 
3*V3_T1 (1e-005 Euro/yr): V3 (-3 t/yr) => T1 (3 t/yr) 
5*SuperSource_S1 (1e-005 Euro/yr): SuperSource (-5 t/yr) => S1 (5 t/yr) 
3*SuperSource_S2 (1e-005 Euro/yr): SuperSource (-3 t/yr) => S2 (3 t/yr) 
Total annual cost= -7.99994 Euro/yr

Feasible structure #7:
Materials:
SuperSource (0 Euro/yr): -7 t/yr
T1 (-7 Euro/yr): 7 t/yr
V2: balanced
V3: balanced
S2: balanced
Operating units:
4*S2_V2 (1e-005 Euro/yr): S2 (-4 t/yr) => V2 (4 t/yr) 
3*S2_V3 (1e-005 Euro/yr): S2 (-3 t/yr) => V3 (3 t/yr) 
3*V3_T1 (1e-005 Euro/yr): V3 (-3 t/yr) => T1 (3 t/yr) 
4*V2_T1 (1e-005 Euro/yr): V2 (-4 t/yr) => T1 (4 t/yr) 
7*SuperSource_S2 (1e-005 Euro/yr): SuperSource (-7 t/yr) => S2 (7 t/yr) 
Total annual cost= -6.99995 Euro/yr

Feasible structure #8:
Materials:
SuperSource (0 Euro/yr): -7 t/yr
T1 (-7 Euro/yr): 7 t/yr
V2: balanced
V3: balanced
S1: balanced
S2: balanced
Operating units:
4*S1_V2 (1e-005 Euro/yr): S1 (-4 t/yr) => V2 (4 t/yr) 
3*S2_V3 (1e-005 Euro/yr): S2 (-3 t/yr) => V3 (3 t/yr) 
3*V3_T1 (1e-005 Euro/yr): V3 (-3 t/yr) => T1 (3 t/yr) 
4*V2_T1 (1e-005 Euro/yr): V2 (-4 t/yr) => T1 (4 t/yr) 
4*SuperSource_S1 (1e-005 Euro/yr): SuperSource (-4 t/yr) => S1 (4 t/yr) 
3*SuperSource_S2 (1e-005 Euro/yr): SuperSource (-3 t/yr) => S2 (3 t/yr) 
Total annual cost= -6.99994 Euro/yr

Feasible structure #9:
Materials:
SuperSource (0 Euro/yr): -7 t/yr
T1 (-7 Euro/yr): 7 t/yr
V1: balanced
V2: balanced
V3: balanced
S1: balanced
S2: balanced
Operating units:
4*S1_V1 (1e-005 Euro/yr): S1 (-4 t/yr) => V1 (4 t/yr) 
3*S2_V3 (1e-005 Euro/yr): S2 (-3 t/yr) => V3 (3 t/yr) 
4*V1_V2 (1e-005 Euro/yr): V1 (-4 t/yr) => V2 (4 t/yr) 
3*V3_T1 (1e-005 Euro/yr): V3 (-3 t/yr) => T1 (3 t/yr) 
4*V2_T1 (1e-005 Euro/yr): V2 (-4 t/yr) => T1 (4 t/yr) 
4*SuperSource_S1 (1e-005 Euro/yr): SuperSource (-4 t/yr) => S1 (4 t/yr) 
3*SuperSource_S2 (1e-005 Euro/yr): SuperSource (-3 t/yr) => S2 (3 t/yr) 
Total annual cost= -6.99993 Euro/yr

Feasible structure #10:
Materials:
SuperSource (0 Euro/yr): -6 t/yr
T1 (-6 Euro/yr): 6 t/yr
V1: balanced
V2: balanced
S1: balanced
Operating units:
6*S1_V1 (1e-005 Euro/yr): S1 (-6 t/yr) => V1 (6 t/yr) 
2*V1_T1 (1e-005 Euro/yr): V1 (-2 t/yr) => T1 (2 t/yr) 
4*V1_V2 (1e-005 Euro/yr): V1 (-4 t/yr) => V2 (4 t/yr) 
4*V2_T1 (1e-005 Euro/yr): V2 (-4 t/yr) => T1 (4 t/yr) 
6*SuperSource_S1 (1e-005 Euro/yr): SuperSource (-6 t/yr) => S1 (6 t/yr) 
Total annual cost= -5.99995 Euro/yr

Feasible structure #11:
Materials:
SuperSource (0 Euro/yr): -5 t/yr
T1 (-5 Euro/yr): 5 t/yr
V1: balanced
S1: balanced
Operating units:
5*S1_V1 (1e-005 Euro/yr): S1 (-5 t/yr) => V1 (5 t/yr) 
5*V1_T1 (1e-005 Euro/yr): V1 (-5 t/yr) => T1 (5 t/yr) 
5*SuperSource_S1 (1e-005 Euro/yr): SuperSource (-5 t/yr) => S1 (5 t/yr) 
Total annual cost= -4.99997 Euro/yr

Feasible structure #12:
Materials:
SuperSource (0 Euro/yr): -4 t/yr
T1 (-4 Euro/yr): 4 t/yr
V2: balanced
S1: balanced
Operating units:
4*S1_V2 (1e-005 Euro/yr): S1 (-4 t/yr) => V2 (4 t/yr) 
4*V2_T1 (1e-005 Euro/yr): V2 (-4 t/yr) => T1 (4 t/yr) 
4*SuperSource_S1 (1e-005 Euro/yr): SuperSource (-4 t/yr) => S1 (4 t/yr) 
Total annual cost= -3.99997 Euro/yr

Feasible structure #13:
Materials:
SuperSource (0 Euro/yr): -4 t/yr
T1 (-4 Euro/yr): 4 t/yr
V2: balanced
S2: balanced
Operating units:
4*S2_V2 (1e-005 Euro/yr): S2 (-4 t/yr) => V2 (4 t/yr) 
4*V2_T1 (1e-005 Euro/yr): V2 (-4 t/yr) => T1 (4 t/yr) 
4*SuperSource_S2 (1e-005 Euro/yr): SuperSource (-4 t/yr) => S2 (4 t/yr) 
Total annual cost= -3.99997 Euro/yr

Feasible structure #14:
Materials:
SuperSource (0 Euro/yr): -4 t/yr
T1 (-4 Euro/yr): 4 t/yr
V1: balanced
V2: balanced
S1: balanced
Operating units:
4*S1_V1 (1e-005 Euro/yr): S1 (-4 t/yr) => V1 (4 t/yr) 
4*V1_V2 (1e-005 Euro/yr): V1 (-4 t/yr) => V2 (4 t/yr) 
4*V2_T1 (1e-005 Euro/yr): V2 (-4 t/yr) => T1 (4 t/yr) 
4*SuperSource_S1 (1e-005 Euro/yr): SuperSource (-4 t/yr) => S1 (4 t/yr) 
Total annual cost= -3.99996 Euro/yr

Feasible structure #15:
Materials:
SuperSource (0 Euro/yr): -3 t/yr
T1 (-3 Euro/yr): 3 t/yr
V3: balanced
S2: balanced
Operating units:
3*S2_V3 (1e-005 Euro/yr): S2 (-3 t/yr) => V3 (3 t/yr) 
3*V3_T1 (1e-005 Euro/yr): V3 (-3 t/yr) => T1 (3 t/yr) 
3*SuperSource_S2 (1e-005 Euro/yr): SuperSource (-3 t/yr) => S2 (3 t/yr) 
Total annual cost= -2.99997 Euro/yr

Feasible structure #16:
Materials:
Operating units:
Total annual cost= 0 Euro/yr

End.
